<?xml version="1.0" encoding="UTF-8"?>
<testsuite name="InventoryTests" tests="1" skipped="0" failures="0" errors="0" timestamp="2023-11-09T23:14:05" hostname="DAVIDS_VOSSY" time="0.077">
  <properties/>
  <testcase name="readInventoryWithCraftingTablePngImage()" classname="InventoryTests" time="0.077"/>
  <system-out><![CDATA[]]></system-out>
  <system-err><![CDATA[]]></system-err>
</testsuite>
